<?xml version="1.0" encoding="UTF-8"?>
<testng-results skipped="0" failed="0" ignored="0" total="1" passed="1">
  <reporter-output>
  </reporter-output>
  <suite name="suite-one" duration-ms="17399" started-at="2017-02-06T10:42:49Z" finished-at="2017-02-06T10:43:06Z">
    <groups>
    </groups>
    <test name="test-one" duration-ms="17399" started-at="2017-02-06T10:42:49Z" finished-at="2017-02-06T10:43:06Z">
      <class name="com.test.scripts.ClassOneTest">
        <test-method status="PASS" signature="TestOne()[pri:0, instance:com.test.scripts.ClassOneTest@2acf57e3]" name="TestOne" duration-ms="17383" started-at="2017-02-06T16:12:49Z" finished-at="2017-02-06T16:13:06Z">
          <reporter-output>
          </reporter-output>
        </test-method> <!-- TestOne -->
      </class> <!-- com.test.scripts.ClassOneTest -->
    </test> <!-- test-one -->
  </suite> <!-- suite-one -->
</testng-results>
