<?xml version="1.0" encoding="UTF-8"?>
<testng-results skipped="0" failed="0" ignored="0" total="1" passed="1">
  <reporter-output>
  </reporter-output>
  <suite name="Default suite" duration-ms="9964" started-at="2017-02-06T10:32:28Z" finished-at="2017-02-06T10:32:38Z">
    <groups>
    </groups>
    <test name="Default test" duration-ms="9964" started-at="2017-02-06T10:32:28Z" finished-at="2017-02-06T10:32:38Z">
      <class name="com.test.scripts.ClassOneTest">
        <test-method status="PASS" signature="TestOne()[pri:0, instance:com.test.scripts.ClassOneTest@4678c730]" name="TestOne" duration-ms="9944" started-at="2017-02-06T16:02:28Z" finished-at="2017-02-06T16:02:38Z">
          <reporter-output>
          </reporter-output>
        </test-method> <!-- TestOne -->
      </class> <!-- com.test.scripts.ClassOneTest -->
    </test> <!-- Default test -->
  </suite> <!-- Default suite -->
</testng-results>
